<?xml version="1.0" encoding="UTF-8"?>
<testng-results skipped="0" failed="0" ignored="0" total="1" passed="1">
  <reporter-output>
  </reporter-output>
  <suite name="Default suite" duration-ms="23198" started-at="2020-09-20T05:27:07Z" finished-at="2020-09-20T05:27:30Z">
    <groups>
    </groups>
    <test name="Default test" duration-ms="23198" started-at="2020-09-20T05:27:07Z" finished-at="2020-09-20T05:27:30Z">
      <class name="webdriver.droplist_custom">
        <test-method status="PASS" signature="before()[pri:0, instance:webdriver.droplist_custom@6cc4c815]" name="before" is-config="true" duration-ms="4228" started-at="2020-09-20T05:27:07Z" finished-at="2020-09-20T05:27:11Z">
          <reporter-output>
          </reporter-output>
        </test-method> <!-- before -->
        <test-method status="PASS" signature="DropList_Jquery()[pri:0, instance:webdriver.droplist_custom@6cc4c815]" name="DropList_Jquery" duration-ms="18857" started-at="2020-09-20T05:27:11Z" finished-at="2020-09-20T05:27:30Z">
          <reporter-output>
          </reporter-output>
        </test-method> <!-- DropList_Jquery -->
        <test-method status="PASS" signature="after()[pri:0, instance:webdriver.droplist_custom@6cc4c815]" name="after" is-config="true" duration-ms="92" started-at="2020-09-20T05:27:30Z" finished-at="2020-09-20T05:27:30Z">
          <reporter-output>
          </reporter-output>
        </test-method> <!-- after -->
      </class> <!-- webdriver.droplist_custom -->
    </test> <!-- Default test -->
  </suite> <!-- Default suite -->
</testng-results>
